2026-05-25 17:52:05,891 - INFO - url: https://zjjdx.yangfeiyue.dpdns.org/txt/Zhejiang_dianxin.txt 获取成功，判断为m3u格式
2026-05-25 17:52:05,895 - INFO - url: https://zjjdx.yangfeiyue.dpdns.org/txt/Zhejiang_dianxin.txt 爬取成功✅，包含频道分类: 央视高清, 卫视高清
2026-05-25 17:52:10,155 - INFO - url: https://shhdx.yangfeiyue.dpdns.org/txt/Shanghai_dianxin.txt 获取成功，判断为m3u格式
2026-05-25 17:52:10,160 - INFO - url: https://shhdx.yangfeiyue.dpdns.org/txt/Shanghai_dianxin.txt 爬取成功✅，包含频道分类: 央视高清, 央视频道, 卫视高清, 数字频道
2026-05-25 17:52:13,912 - INFO - url: https://gdddx.yangfeiyue.dpdns.org/txt/Guangdong_dianxin.txt 获取成功，判断为m3u格式
2026-05-25 17:52:13,920 - INFO - url: https://gdddx.yangfeiyue.dpdns.org/txt/Guangdong_dianxin.txt 爬取成功✅，包含频道分类: 央视高清, 卫视高清
2026-05-25 17:52:14,175 - INFO - url: https://bjjdx.yangfeiyue.dpdns.org/txt/Beijing_dianxin.txt 获取成功，判断为m3u格式
2026-05-25 17:52:14,177 - INFO - url: https://bjjdx.yangfeiyue.dpdns.org/txt/Beijing_dianxin.txt 爬取成功✅，包含频道分类: 央视高清, 本地高清, 卫视高清
2026-05-25 17:52:14,508 - INFO - url: https://bjjlt.yangfeiyue.dpdns.org/txt/Beijing_liantong.txt 获取成功，判断为m3u格式
2026-05-25 17:52:14,510 - INFO - url: https://bjjlt.yangfeiyue.dpdns.org/txt/Beijing_liantong.txt 爬取成功✅，包含频道分类: 央视高清, 本地高清, 卫视高清, 华数高清
2026-05-25 17:52:14,815 - INFO - url: https://tjjlt.yangfeiyue.dpdns.org/txt/Tianjin_liantong.txt 获取成功，判断为m3u格式
2026-05-25 17:52:14,816 - INFO - url: https://tjjlt.yangfeiyue.dpdns.org/txt/Tianjin_liantong.txt 爬取成功✅，包含频道分类: 央视高清, 卫视频道
2026-05-25 17:52:15,102 - INFO - url: https://jssdx.yangfeiyue.dpdns.org/txt/Jiangsu_dianxin.txt 获取成功，判断为m3u格式
2026-05-25 17:52:15,105 - INFO - url: https://jssdx.yangfeiyue.dpdns.org/txt/Jiangsu_dianxin.txt 爬取成功✅，包含频道分类: 央视高清, 卫视高清, 影院高清
2026-05-25 17:52:15,387 - INFO - url: https://ccqqdx.yangfeiyue.dpdns.org/txt/Chongqing_dianxin.txt 获取成功，判断为m3u格式
2026-05-25 17:52:15,389 - INFO - url: https://ccqqdx.yangfeiyue.dpdns.org/txt/Chongqing_dianxin.txt 爬取成功✅，包含频道分类: 卫视高清, 卫视频道, 央视高清
2026-05-25 17:52:15,590 - INFO - url: https://cqqlt.yangfeiyue.dpdns.org/txt/Chongqing_liantong.txt 获取成功，判断为m3u格式
2026-05-25 17:52:15,591 - INFO - url: https://cqqlt.yangfeiyue.dpdns.org/txt/Chongqing_liantong.txt 爬取成功✅，包含频道分类: 卫视高清, 华数高清
2026-05-25 17:52:15,771 - INFO - url: https://ssxdx.yangfeiyue.dpdns.org/txt/Shaanxi_dianxin.txt 获取成功，判断为m3u格式
2026-05-25 17:52:15,778 - INFO - url: https://ssxdx.yangfeiyue.dpdns.org/txt/Shaanxi_dianxin.txt 爬取成功✅，包含频道分类: 央视高清, 卫视高清
2026-05-25 17:52:15,969 - INFO - url: https://jxxdx.yangfeiyue.dpdns.org/txt/Jiangxi_dianxin.txt 获取成功，判断为m3u格式
2026-05-25 17:52:15,971 - INFO - url: https://jxxdx.yangfeiyue.dpdns.org/txt/Jiangxi_dianxin.txt 爬取成功✅，包含频道分类: 卫视高清, 影院高清, 央视高清
2026-05-25 17:52:16,156 - INFO - url: https://fjjdx.yangfeiyue.dpdns.org/txt/Fujian_dianxin.txt 获取成功，判断为m3u格式
2026-05-25 17:52:16,157 - INFO - url: https://fjjdx.yangfeiyue.dpdns.org/txt/Fujian_dianxin.txt 爬取成功✅，包含频道分类: 卫视高清
2026-05-25 17:52:16,461 - INFO - url: https://ahhdx.yangfeiyue.dpdns.org/txt/Anhui_dianxin.txt 获取成功，判断为m3u格式
2026-05-25 17:52:16,465 - INFO - url: https://ahhdx.yangfeiyue.dpdns.org/txt/Anhui_dianxin.txt 爬取成功✅，包含频道分类: 卫视高清, 央视高清, 影院高清, 华数高清
2026-05-25 17:52:16,707 - INFO - url: https://hnndx.yangfeiyue.dpdns.org/txt/Hunan_dianxin.txt 获取成功，判断为m3u格式
2026-05-25 17:52:16,709 - INFO - url: https://hnndx.yangfeiyue.dpdns.org/txt/Hunan_dianxin.txt 爬取成功✅，包含频道分类: 卫视高清, 央视高清, 本地高清
2026-05-25 17:52:16,974 - INFO - url: https://sccdx.yangfeiyue.dpdns.org/txt/Sichuan_dianxin.txt 获取成功，判断为m3u格式
2026-05-25 17:52:16,991 - INFO - url: https://sccdx.yangfeiyue.dpdns.org/txt/Sichuan_dianxin.txt 爬取成功✅，包含频道分类: 央视高清, 卫视高清, 本地高清, 电影, 华数高清, 影院高清
2026-05-25 17:52:17,187 - INFO - url: https://scyd.yangfeiyue.dpdns.org/txt/Sichuan_yidong.txt 获取成功，判断为m3u格式
2026-05-25 17:52:17,188 - INFO - url: https://scyd.yangfeiyue.dpdns.org/txt/Sichuan_yidong.txt 爬取成功✅，包含频道分类: 本地高清
2026-05-25 17:52:17,397 - INFO - url: https://gxxdx.yangfeiyue.dpdns.org/txt/Guangxi_dianxin.txt 获取成功，判断为m3u格式
2026-05-25 17:52:17,398 - INFO - url: https://gxxdx.yangfeiyue.dpdns.org/txt/Guangxi_dianxin.txt 爬取成功✅，包含频道分类: 卫视高清
2026-05-25 17:52:17,692 - INFO - url: https://hbbdx.yangfeiyue.dpdns.org/txt/Hubei_dianxin.txt 获取成功，判断为m3u格式
2026-05-25 17:52:17,694 - INFO - url: https://hbbdx.yangfeiyue.dpdns.org/txt/Hubei_dianxin.txt 爬取成功✅，包含频道分类: 卫视高清, 影院高清
2026-05-25 17:52:17,879 - INFO - url: https://hebbdx.yangfeiyue.dpdns.org/txt/Hebei_dianxin.txt 获取成功，判断为m3u格式
2026-05-25 17:52:17,882 - INFO - url: https://hebbdx.yangfeiyue.dpdns.org/txt/Hebei_dianxin.txt 爬取成功✅，包含频道分类: 卫视高清
2026-05-25 17:52:18,090 - INFO - url: https://heeblt.yangfeiyue.dpdns.org/txt/Hebei_liantong.txt 获取成功，判断为m3u格式
2026-05-25 17:52:18,093 - INFO - url: https://heeblt.yangfeiyue.dpdns.org/txt/Hebei_liantong.txt 爬取成功✅，包含频道分类: 卫视高清
2026-05-25 17:52:18,276 - INFO - url: https://ssxxdx.yangfeiyue.dpdns.org/txt/Shanxi_dianxin.txt 获取成功，判断为m3u格式
2026-05-25 17:52:18,277 - INFO - url: https://ssxxdx.yangfeiyue.dpdns.org/txt/Shanxi_dianxin.txt 爬取成功✅，包含频道分类: 卫视高清
2026-05-25 17:52:18,514 - INFO - url: https://sxxlt.yangfeiyue.dpdns.org/txt/Shanxi_liantong.txt 获取成功，判断为m3u格式
2026-05-25 17:52:18,515 - INFO - url: https://sxxlt.yangfeiyue.dpdns.org/txt/Shanxi_liantong.txt 爬取成功✅，包含频道分类: 卫视高清
2026-05-25 17:52:18,862 - INFO - url: https://hhndx.yangfeiyue.dpdns.org/txt/Henan_dianxin.txt 获取成功，判断为m3u格式
2026-05-25 17:52:18,873 - INFO - url: https://hhndx.yangfeiyue.dpdns.org/txt/Henan_dianxin.txt 爬取成功✅，包含频道分类: 卫视高清, 央视高清, 郑州新闻, 郑州商都, 郑州文体, 郑州戏曲, 郑州妇女, 郑州生活, 本地高清
2026-05-25 17:52:19,084 - INFO - url: https://hhnndx.yangfeiyue.dpdns.org/txt/Henan_dianxin.txt 获取成功，判断为m3u格式
2026-05-25 17:52:19,094 - INFO - url: https://hhnndx.yangfeiyue.dpdns.org/txt/Henan_dianxin.txt 爬取成功✅，包含频道分类: 卫视高清, 央视高清, 郑州新闻, 郑州商都, 郑州文体, 郑州戏曲, 郑州妇女, 郑州生活, 本地高清
2026-05-25 17:52:24,273 - INFO - url: https://hanndx.yangfeiyue.dpdns.org/txt/Hainan_dianxin.txt 获取成功，判断为m3u格式
2026-05-25 17:52:24,273 - INFO - url: https://hanndx.yangfeiyue.dpdns.org/txt/Hainan_dianxin.txt 爬取成功✅，包含频道分类: 央视高清, 卫视频道
2026-05-25 17:52:24,480 - INFO - url: https://lnnlt.yangfeiyue.dpdns.org/txt/Liaoning_liantong.txt 获取成功，判断为m3u格式
2026-05-25 17:52:24,480 - INFO - url: https://lnnlt.yangfeiyue.dpdns.org/txt/Liaoning_liantong.txt 爬取成功✅，包含频道分类: 央视高清, 卫视频道
2026-05-25 17:52:29,745 - INFO - url: https://hljjlt.yangfeiyue.dpdns.org/txt/Heilongjiang_liantong.txt 获取成功，判断为m3u格式
2026-05-25 17:52:29,746 - INFO - url: https://hljjlt.yangfeiyue.dpdns.org/txt/Heilongjiang_liantong.txt 爬取成功✅，包含频道分类: 央视高清
2026-05-25 17:52:30,108 - INFO - url: https://sdddx.yangfeiyue.dpdns.org/txt/Shandong_dianxin.txt 获取成功，判断为m3u格式
2026-05-25 17:52:30,113 - INFO - url: https://sdddx.yangfeiyue.dpdns.org/txt/Shandong_dianxin.txt 爬取成功✅，包含频道分类: 山东电信
2026-05-25 17:52:30,433 - INFO - url: https://gzzdx.yangfeiyue.dpdns.org/txt/Guizhou_dianxin.txt 获取成功，判断为m3u格式
2026-05-25 17:52:30,434 - INFO - url: https://gzzdx.yangfeiyue.dpdns.org/txt/Guizhou_dianxin.txt 爬取成功✅，包含频道分类: 本地高清
2026-05-25 17:52:30,622 - INFO - url: https://nxxdx.yangfeiyue.dpdns.org/txt/Ningxia_dianxin.txt 获取成功，判断为m3u格式
2026-05-25 17:52:30,622 - INFO - url: https://nxxdx.yangfeiyue.dpdns.org/txt/Ningxia_dianxin.txt 爬取成功✅，包含频道分类: 央视高清, 卫视频道
2026-05-25 17:52:31,118 - INFO - url: https://ynndx.yangfeiyue.dpdns.org/txt/Yunnan_dianxin.txt 获取成功，判断为m3u格式
2026-05-25 17:52:31,118 - INFO - url: https://ynndx.yangfeiyue.dpdns.org/txt/Yunnan_dianxin.txt 爬取成功✅，包含频道分类: 央视高清, 卫视频道
2026-05-25 17:52:31,294 - ERROR - url: https://ggdd.yangfeiyue.dpdns.org/txt/Guang_dian.txt 爬取失败❌, Error: 404 Client Error: Not Found for url: https://ggdd.yangfeiyue.dpdns.org/txt/Guang_dian.txt
2026-05-25 17:52:31,492 - INFO - url: https://krrsk.yangfeiyue.dpdns.org/txt/KR_SK.txt 获取成功，判断为m3u格式
2026-05-25 17:52:31,492 - INFO - url: https://krrsk.yangfeiyue.dpdns.org/txt/KR_SK.txt 爬取成功✅，包含频道分类: 韩国高清
2026-05-25 17:52:31,936 - INFO - url: https://proxy.lalifeier.eu.org/https://raw.githubusercontent.com/zjyktcyfy/zj-fy/refs/heads/main/txt/ZJYD.m3u 获取成功，判断为txt格式
2026-05-25 17:52:31,937 - INFO - url: https://proxy.lalifeier.eu.org/https://raw.githubusercontent.com/zjyktcyfy/zj-fy/refs/heads/main/txt/ZJYD.m3u 爬取成功✅，包含频道分类: ZJYD
